c:\users\pc\desktop\bravedave\bravedave_sfml\x64\debug\vc143.pdb
c:\users\pc\desktop\bravedave\bravedave_sfml\x64\debug\vc143.idb
c:\users\pc\desktop\bravedave\bravedave_sfml\x64\debug\player.obj
c:\users\pc\desktop\bravedave\bravedave_sfml\x64\debug\main.obj
c:\users\pc\desktop\bravedave\bravedave_sfml\x64\debug\level.obj
c:\users\pc\desktop\bravedave\bravedave_sfml\x64\debug\gravity.obj
c:\users\pc\desktop\bravedave\bravedave_sfml\x64\debug\gameobject.obj
c:\users\pc\desktop\bravedave\bravedave_sfml\x64\debug\dynamicobject.obj
c:\users\pc\desktop\bravedave\bravedave_sfml\x64\debug\collider.obj
c:\users\pc\desktop\bravedave\bravedave_sfml\x64\debug\animation.obj
c:\users\pc\desktop\bravedave\x64\debug\bravedave_sfml.exe
c:\users\pc\desktop\bravedave\bravedave_sfml\x64\debug\bravedave_sfml.ilk
c:\users\pc\desktop\bravedave\x64\debug\bravedave_sfml.pdb
e:\oop project\bravedave\bravedave_sfml\x64\debug\animation.obj
e:\oop project\bravedave\bravedave_sfml\x64\debug\collider.obj
e:\oop project\bravedave\bravedave_sfml\x64\debug\dynamicobject.obj
e:\oop project\bravedave\bravedave_sfml\x64\debug\gameobject.obj
e:\oop project\bravedave\bravedave_sfml\x64\debug\gravity.obj
e:\oop project\bravedave\bravedave_sfml\x64\debug\level.obj
e:\oop project\bravedave\bravedave_sfml\x64\debug\main.obj
e:\oop project\bravedave\bravedave_sfml\x64\debug\player.obj
e:\oop project\bravedave\bravedave_sfml\x64\debug\bravedave_sfml.ilk
e:\oop project\bravedave\bravedave_sfml\x64\debug\vc143.idb
e:\oop project\bravedave\bravedave_sfml\x64\debug\vc143.pdb
e:\oop project\bravedave\x64\debug\bravedave_sfml.pdb
e:\oop project\bravedave\x64\debug\bravedave_sfml.exe
e:\oop project\bravedave\bravedave_sfml\x64\debug\bravedave_sfml.tlog\cl.command.1.tlog
e:\oop project\bravedave\bravedave_sfml\x64\debug\bravedave_sfml.tlog\cl.read.1.tlog
e:\oop project\bravedave\bravedave_sfml\x64\debug\bravedave_sfml.tlog\cl.write.1.tlog
e:\oop project\bravedave\bravedave_sfml\x64\debug\bravedave_sfml.tlog\link.command.1.tlog
e:\oop project\bravedave\bravedave_sfml\x64\debug\bravedave_sfml.tlog\link.read.1.tlog
e:\oop project\bravedave\bravedave_sfml\x64\debug\bravedave_sfml.tlog\link.write.1.tlog
